<?xml version="1.0" encoding="UTF-8"?>
<testng-results ignored="0" total="1" passed="1" failed="0" skipped="0">
  <reporter-output>
  </reporter-output>
  <suite started-at="2023-06-16T11:52:09 EDT" name="Default suite" finished-at="2023-06-16T11:52:09 EDT" duration-ms="321">
    <groups>
      <group name="cucumber">
        <method signature="AbstractTestNGCucumberTests.runScenario(io.cucumber.testng.PickleWrapper,io.cucumber.testng.FeatureWrapper)[pri:0, instance:com.cucumberTests.runners.CalculatorRunner@2e3967ea]" name="runScenario" class="io.cucumber.testng.AbstractTestNGCucumberTests"/>
      </group> <!-- cucumber -->
    </groups>
    <test started-at="2023-06-16T11:52:09 EDT" name="Default test" finished-at="2023-06-16T11:52:09 EDT" duration-ms="321">
      <class name="com.cucumberTests.runners.CalculatorRunner">
        <test-method is-config="true" signature="setUpClass(org.testng.ITestContext)[pri:0, instance:com.cucumberTests.runners.CalculatorRunner@2e3967ea]" started-at="2023-06-16T11:52:09 EDT" name="setUpClass" finished-at="2023-06-16T11:52:09 EDT" duration-ms="200" status="PASS">
          <params>
            <param index="0">
              <value>
                <![CDATA[org.testng.TestRunner@652a7737]]>
              </value>
            </param>
          </params>
          <reporter-output>
          </reporter-output>
        </test-method> <!-- setUpClass -->
        <test-method signature="runScenario(io.cucumber.testng.PickleWrapper,io.cucumber.testng.FeatureWrapper)[pri:0, instance:com.cucumberTests.runners.CalculatorRunner@2e3967ea]" started-at="2023-06-16T11:52:09 EDT" name="runScenario" description="Runs Cucumber Scenarios" data-provider="scenarios" finished-at="2023-06-16T11:52:09 EDT" duration-ms="78" status="PASS">
          <params>
            <param index="0">
              <value>
                <![CDATA["Addition of two numbers"]]>
              </value>
            </param>
            <param index="1">
              <value>
                <![CDATA["Calculator functionality"]]>
              </value>
            </param>
          </params>
          <reporter-output>
          </reporter-output>
        </test-method> <!-- runScenario -->
        <test-method is-config="true" signature="tearDownClass()[pri:0, instance:com.cucumberTests.runners.CalculatorRunner@2e3967ea]" started-at="2023-06-16T11:52:09 EDT" name="tearDownClass" finished-at="2023-06-16T11:52:09 EDT" duration-ms="7" status="PASS">
          <reporter-output>
          </reporter-output>
        </test-method> <!-- tearDownClass -->
      </class> <!-- com.cucumberTests.runners.CalculatorRunner -->
    </test> <!-- Default test -->
  </suite> <!-- Default suite -->
</testng-results>
